<?xml version="1.0" encoding="UTF-8"?>
<!-- Generated by org.testng.reporters.JUnitReportReporter -->
<testsuite hostname="LAPTOP-Q08K87KM" failures="0" tests="2" name="com.actitime.testscript.InvalidLogin" time="22.820" errors="0" timestamp="2021-07-06T20:18:46 IST" skipped="0">
  <testcase classname="com.actitime.testscript.InvalidLogin" name="testlogin" time="11.666"/>
  <system-out/>
  <testcase classname="com.actitime.testscript.InvalidLogin" name="testlogin" time="11.154"/>
  <system-out/>
</testsuite> <!-- com.actitime.testscript.InvalidLogin -->
