<?xml version="1.0" encoding="UTF-8"?>
<!-- Generated by org.testng.reporters.JUnitReportReporter -->
<testsuite hostname="LAPTOP-Q08K87KM" failures="0" tests="1" name="com.actitime.testscript.Screenshot" time="7.905" errors="0" timestamp="2021-07-01T23:26:07 IST" skipped="0">
  <testcase classname="com.actitime.testscript.Screenshot" name="testScreenshot" time="7.905"/>
  <system-out/>
</testsuite> <!-- com.actitime.testscript.Screenshot -->
