<?xml version="1.0" encoding="UTF-8"?>
<!-- Generated by org.testng.reporters.JUnitReportReporter -->
<testsuite hostname="LAPTOP-Q08K87KM" failures="0" tests="3" name="qsp.demoTest" time="0.009" errors="0" timestamp="2021-06-23T19:31:23 IST" skipped="0">
  <testcase classname="qsp.demoTest" name="demoB" time="0.001"/>
  <system-out>
    <![CDATA[bye]]>
  </system-out>
  <testcase classname="qsp.demoTest" name="demoC" time="0.003"/>
  <system-out>
    <![CDATA[hey]]>
  </system-out>
  <testcase classname="qsp.demoTest" name="demoA" time="0.005"/>
  <system-out>
    <![CDATA[hi]]>
  </system-out>
</testsuite> <!-- qsp.demoTest -->
