<?xml version="1.0" encoding="UTF-8"?>
<!-- Generated by org.testng.reporters.JUnitReportReporter -->
<testsuite hostname="LAPTOP-Q08K87KM" failures="0" tests="3" name="com.actitime.testscript.AddToCart" time="0.013" errors="0" timestamp="2021-07-06T00:06:48 IST" skipped="0">
  <testcase classname="com.actitime.testscript.AddToCart" name="testcart" time="0.001"/>
  <system-out>
    <![CDATA[Catogory Type= smartwatchModel name=AmazeFit 4.0Quantity= 2]]>
  </system-out>
  <testcase classname="com.actitime.testscript.AddToCart" name="testcart" time="0.002"/>
  <system-out>
    <![CDATA[Catogory Type= LaptopModel name=lenevo ideapad S340Quantity= 4]]>
  </system-out>
  <testcase classname="com.actitime.testscript.AddToCart" name="testcart" time="0.010"/>
  <system-out>
    <![CDATA[Catogory Type= mobileModel name=oneplus nord 5gQuantity= 3]]>
  </system-out>
</testsuite> <!-- com.actitime.testscript.AddToCart -->
