<?xml version="1.0" encoding="UTF-8"?>
<!-- Generated by org.testng.reporters.JUnitReportReporter -->
<testsuite hostname="LAPTOP-Q08K87KM" failures="0" tests="3" name="qsp.Testdemo" time="0.010" errors="0" timestamp="2021-06-23T19:31:23 IST" skipped="0">
  <testcase classname="qsp.Testdemo" name="ModifyCustomer" time="0.002"/>
  <system-out>
    <![CDATA[modifycustomer]]>
  </system-out>
  <testcase classname="qsp.Testdemo" name="DeleteCustomer" time="0.004"/>
  <system-out>
    <![CDATA[deletecustomer]]>
  </system-out>
  <testcase classname="qsp.Testdemo" name="CreateCustomer" time="0.004"/>
  <system-out>
    <![CDATA[createcustomer]]>
  </system-out>
</testsuite> <!-- qsp.Testdemo -->
